#
# A fatal error has been detected by the Java Runtime Environment:
#
#  SIGSEGV (0xb) at pc=0x0125ca23, pid=6776, tid=2343406448
#
# JRE version: 6.0_23-b23
# Java VM: OpenJDK Server VM (20.0-b11 mixed mode linux-x86 )
# Derivative: IcedTea6 1.11pre
# Distribution: Ubuntu 11.10, package 6b23~pre11-0ubuntu1.11.10
# Problematic frame:
# V  [libjvm.so+0x4a7a23]  PhaseIdealLoop::build_loop_late_post(Node*)+0x143
#
# If you would like to submit a bug report, please include
# instructions how to reproduce the bug and visit:
#   https://bugs.launchpad.net/ubuntu/+source/openjdk-6/
#

---------------  T H R E A D  ---------------

Current thread (0x8beb2800):  JavaThread "C2 CompilerThread0" daemon [_thread_in_native, id=6786, stack(0x8ba58000,0x8bad9000)]

siginfo:si_signo=SIGSEGV: si_errno=0, si_code=1 (SEGV_MAPERR), si_addr=0x00000004

Registers:
EAX=0x00000000, EBX=0x01617ff4, ECX=0x8a0a5200, EDX=0x8adcf2d0
ESP=0x8bad6bb0, EBP=0x8ac338e0, ESI=0x8bad744c, EDI=0x8adcf2d0
EIP=0x0125ca23, EFLAGS=0x00010282, CR2=0x00000004

Top of Stack: (sp=0x8bad6bb0)
0x8bad6bb0:   8bad744c 8a0852bc 8aa20708 8adee290
0x8bad6bc0:   8adedbf0 00000000 00000200 01617ff4
0x8bad6bd0:   00000400 008c70eb 01617ff4 00002000
0x8bad6be0:   8a0a52c4 00000000 8aa20708 8bad745c
0x8bad6bf0:   00000010 008c70eb 01617ff4 01617ff4
0x8bad6c00:   8a0852bc 00000176 89d09cd0 0125cfb0
0x8bad6c10:   8bad744c 8a0852bc 00000040 01617ff4
0x8bad6c20:   8bad744c 00000002 00000002 8bad76fc 

Instructions: (pc=0x0125ca23)
0x0125ca03:   29 04 00 00 39 f8 0f 84 b5 03 00 00 8b 50 1c 89
0x0125ca13:   44 24 30 66 90 8b be d0 02 00 00 8d 14 97 8b 02
0x0125ca23:   8b 48 04 8b 29 85 ed 75 1f 8b 7e 14 90 8b 48 1c
0x0125ca33:   31 c0 39 f9 73 09 8b 46 18 8b 04 88 83 e0 fe 8b 

Register to memory mapping:

EAX=0x00000000 is an unknown value
EBX=0x01617ff4: <offset 0x862ff4> in /usr/lib/jvm/java-6-openjdk/jre/lib/i386/server/libjvm.so at 0x00db5000
ECX=0x8a0a5200 is an unknown value
EDX=0x8adcf2d0 is an unknown value
ESP=0x8bad6bb0 is pointing into the stack for thread: 0x8beb2800
EBP=0x8ac338e0 is an unknown value
ESI=0x8bad744c is pointing into the stack for thread: 0x8beb2800
EDI=0x8adcf2d0 is an unknown value


Stack: [0x8ba58000,0x8bad9000],  sp=0x8bad6bb0,  free space=506k
Native frames: (J=compiled Java code, j=interpreted, Vv=VM code, C=native code)
V  [libjvm.so+0x4a7a23]  PhaseIdealLoop::build_loop_late_post(Node*)+0x143
C  0x09cbdb29


Current CompileTask:
C2: 406081 634      jregex.Pretokenizer.next()V (1064 bytes)


---------------  P R O C E S S  ---------------

Java Threads: ( => current thread )
  0x8ad97000 JavaThread "net.sf.ehcache.CacheManager@f85722" daemon [_thread_blocked, id=6945, stack(0x8b3af000,0x8b400000)]
  0x8b246c00 JavaThread "New I/O server worker #1-4" [_thread_in_native, id=6944, stack(0x8b551000,0x8b5a2000)]
  0x8aa19400 JavaThread "com.mchange.v2.async.ThreadPoolAsynchronousRunner$PoolThread-#2" daemon [_thread_blocked, id=6799, stack(0x8a35e000,0x8a3af000)]
  0x8ad9c000 JavaThread "com.mchange.v2.async.ThreadPoolAsynchronousRunner$PoolThread-#1" daemon [_thread_blocked, id=6798, stack(0x8a3af000,0x8a400000)]
  0x89cc5400 JavaThread "com.mchange.v2.async.ThreadPoolAsynchronousRunner$PoolThread-#0" daemon [_thread_blocked, id=6797, stack(0x8b30d000,0x8b35e000)]
  0x8aa1a800 JavaThread "Timer-0" daemon [_thread_blocked, id=6796, stack(0x8b35e000,0x8b3af000)]
  0x09659000 JavaThread "play-thread-1" [_thread_in_Java, id=6793, stack(0x8b500000,0x8b551000)]
  0x8b4b7800 JavaThread "DestroyJavaVM" [_thread_blocked, id=6777, stack(0xb7761000,0xb77b2000)]
  0x8b494c00 JavaThread "New I/O server boss #1 ([id: 0x0107108e, /0:0:0:0:0:0:0:0:9000])" [_thread_in_native, id=6790, stack(0x8b5a2000,0x8b5f3000)]
  0x8beb6800 JavaThread "Low Memory Detector" daemon [_thread_blocked, id=6788, stack(0x8b986000,0x8b9d7000)]
  0x8beb4800 JavaThread "C2 CompilerThread1" daemon [_thread_in_native, id=6787, stack(0x8b9d7000,0x8ba58000)]
=>0x8beb2800 JavaThread "C2 CompilerThread0" daemon [_thread_in_native, id=6786, stack(0x8ba58000,0x8bad9000)]
  0x8beb0c00 JavaThread "JDWP Event Helper Thread" daemon [_thread_blocked, id=6785, stack(0x8bad9000,0x8bb2a000)]
  0x8beae400 JavaThread "JDWP Transport Listener: dt_socket" daemon [_thread_in_native, id=6784, stack(0x8bb2b000,0x8bb7c000)]
  0x8be8f800 JavaThread "Signal Dispatcher" daemon [_thread_blocked, id=6783, stack(0x8bb7c000,0x8bbcd000)]
  0x8be80400 JavaThread "Finalizer" daemon [_thread_blocked, id=6782, stack(0x8bbcd000,0x8bc1e000)]
  0x8be7f000 JavaThread "Reference Handler" daemon [_thread_blocked, id=6781, stack(0x8bc1e000,0x8bc6f000)]

Other Threads:
  0x8be7b000 VMThread [stack: 0x8bf3e000,0x8bfbf000] [id=6780]
  0x8beb8800 WatcherThread [stack: 0x8b905000,0x8b986000] [id=6789]

VM state:not at safepoint (normal execution)

VM Mutex/Monitor currently owned by a thread: None

Heap
 PSYoungGen      total 42752K, used 10635K [0xa9880000, 0xae3d0000, 0xb4320000)
  eden space 41856K, 23% used [0xa9880000,0xaa209b48,0xac160000)
  from space 896K, 96% used [0xae2f0000,0xae3c9438,0xae3d0000)
  to   space 3712K, 0% used [0xadc90000,0xadc90000,0xae030000)
 PSOldGen        total 20736K, used 11968K [0x94320000, 0x95760000, 0xa9880000)
  object space 20736K, 57% used [0x94320000,0x94ed0080,0x95760000)
 PSPermGen       total 33792K, used 33755K [0x8c320000, 0x8e420000, 0x94320000)
  object space 33792K, 99% used [0x8c320000,0x8e416f08,0x8e420000)

Code Cache  [0xb43e7000, 0xb472f000, 0xb73e7000)
 total_blobs=1010 nmethods=612 adapters=360 free_code_cache=47052800 largest_free_block=109312

Dynamic libraries:
00110000-001ee000 r-xp 00000000 08:07 5518       /usr/lib/i386-linux-gnu/libstdc++.so.6.0.16
001ee000-001ef000 ---p 000de000 08:07 5518       /usr/lib/i386-linux-gnu/libstdc++.so.6.0.16
001ef000-001f3000 r--p 000de000 08:07 5518       /usr/lib/i386-linux-gnu/libstdc++.so.6.0.16
001f3000-001f4000 rw-p 000e2000 08:07 5518       /usr/lib/i386-linux-gnu/libstdc++.so.6.0.16
001f4000-001fb000 rw-p 00000000 00:00 0 
001fb000-00223000 r-xp 00000000 08:07 133528     /lib/i386-linux-gnu/libm-2.13.so
00223000-00224000 r--p 00028000 08:07 133528     /lib/i386-linux-gnu/libm-2.13.so
00224000-00225000 rw-p 00029000 08:07 133528     /lib/i386-linux-gnu/libm-2.13.so
00225000-00263000 r-xp 00000000 08:07 64580      /usr/lib/jvm/java-6-openjdk/jre/lib/i386/libjdwp.so
00263000-00264000 r--p 0003d000 08:07 64580      /usr/lib/jvm/java-6-openjdk/jre/lib/i386/libjdwp.so
00264000-00265000 rw-p 0003e000 08:07 64580      /usr/lib/jvm/java-6-openjdk/jre/lib/i386/libjdwp.so
00265000-0026f000 r-xp 00000000 08:07 64578      /usr/lib/jvm/java-6-openjdk/jre/lib/i386/libinstrument.so
0026f000-00270000 r--p 00009000 08:07 64578      /usr/lib/jvm/java-6-openjdk/jre/lib/i386/libinstrument.so
00270000-00271000 rw-p 0000a000 08:07 64578      /usr/lib/jvm/java-6-openjdk/jre/lib/i386/libinstrument.so
00271000-0027c000 r-xp 00000000 08:07 133539     /lib/i386-linux-gnu/libnss_files-2.13.so
0027c000-0027d000 r--p 0000a000 08:07 133539     /lib/i386-linux-gnu/libnss_files-2.13.so
0027d000-0027e000 rw-p 0000b000 08:07 133539     /lib/i386-linux-gnu/libnss_files-2.13.so
0027e000-00293000 r-xp 00000000 08:07 64582      /usr/lib/jvm/java-6-openjdk/jre/lib/i386/libnet.so
00293000-00294000 r--p 00014000 08:07 64582      /usr/lib/jvm/java-6-openjdk/jre/lib/i386/libnet.so
00294000-00295000 rw-p 00015000 08:07 64582      /usr/lib/jvm/java-6-openjdk/jre/lib/i386/libnet.so
00295000-002a4000 r-xp 00000000 08:07 17614      /usr/lib/jvm/java-6-openjdk/jre/lib/i386/libj2pkcs11.so
002a4000-002a5000 r--p 0000e000 08:07 17614      /usr/lib/jvm/java-6-openjdk/jre/lib/i386/libj2pkcs11.so
002a5000-002a6000 rw-p 0000f000 08:07 17614      /usr/lib/jvm/java-6-openjdk/jre/lib/i386/libj2pkcs11.so
002a6000-002bd000 r-xp 00000000 08:07 5450       /usr/lib/i386-linux-gnu/libnssutil3.so
002bd000-002c0000 r--p 00016000 08:07 5450       /usr/lib/i386-linux-gnu/libnssutil3.so
002c0000-002c1000 rw-p 00019000 08:07 5450       /usr/lib/i386-linux-gnu/libnssutil3.so
002c1000-002c5000 r-xp 00000000 08:07 5476       /usr/lib/i386-linux-gnu/libplc4.so
002c5000-002c6000 r--p 00003000 08:07 5476       /usr/lib/i386-linux-gnu/libplc4.so
002c6000-002c7000 rw-p 00004000 08:07 5476       /usr/lib/i386-linux-gnu/libplc4.so
002c7000-002c9000 r-xp 00000000 08:07 132631     /lib/libnss_mdns4_minimal.so.2
002c9000-002ca000 r--p 00001000 08:07 132631     /lib/libnss_mdns4_minimal.so.2
002ca000-002cb000 rw-p 00002000 08:07 132631     /lib/libnss_mdns4_minimal.so.2
002cb000-002d0000 r-xp 00000000 08:07 133537     /lib/i386-linux-gnu/libnss_dns-2.13.so
002d0000-002d1000 r--p 00004000 08:07 133537     /lib/i386-linux-gnu/libnss_dns-2.13.so
002d1000-002d2000 rw-p 00005000 08:07 133537     /lib/i386-linux-gnu/libnss_dns-2.13.so
002d2000-002e5000 r-xp 00000000 08:07 133560     /lib/i386-linux-gnu/libresolv-2.13.so
002e5000-002e6000 r--p 00012000 08:07 133560     /lib/i386-linux-gnu/libresolv-2.13.so
002e6000-002e7000 rw-p 00013000 08:07 133560     /lib/i386-linux-gnu/libresolv-2.13.so
002e7000-002e9000 rw-p 00000000 00:00 0 
002f6000-002f9000 r-xp 00000000 08:07 17612      /usr/lib/jvm/java-6-openjdk/jre/lib/i386/libnpt.so
002f9000-002fa000 r--p 00002000 08:07 17612      /usr/lib/jvm/java-6-openjdk/jre/lib/i386/libnpt.so
002fa000-002fb000 rw-p 00003000 08:07 17612      /usr/lib/jvm/java-6-openjdk/jre/lib/i386/libnpt.so
0032f000-00355000 r-xp 00000000 08:07 17613      /usr/lib/jvm/java-6-openjdk/jre/lib/i386/libjava.so
00355000-00356000 r--p 00025000 08:07 17613      /usr/lib/jvm/java-6-openjdk/jre/lib/i386/libjava.so
00356000-00358000 rw-p 00026000 08:07 17613      /usr/lib/jvm/java-6-openjdk/jre/lib/i386/libjava.so
00358000-00398000 r-xp 00000000 08:07 5941       /usr/lib/i386-linux-gnu/nss/libsoftokn3.so
00398000-00399000 r--p 0003f000 08:07 5941       /usr/lib/i386-linux-gnu/nss/libsoftokn3.so
00399000-0039a000 rw-p 00040000 08:07 5941       /usr/lib/i386-linux-gnu/nss/libsoftokn3.so
003c6000-003ca000 r-xp 00000000 08:07 63723      /usr/lib/jvm/java-6-openjdk/jre/lib/i386/jli/libjli.so
003ca000-003cb000 r--p 00003000 08:07 63723      /usr/lib/jvm/java-6-openjdk/jre/lib/i386/jli/libjli.so
003cb000-003cc000 rw-p 00004000 08:07 63723      /usr/lib/jvm/java-6-openjdk/jre/lib/i386/jli/libjli.so
003ea000-003f2000 r-xp 00000000 08:07 63656      /usr/lib/jvm/java-6-openjdk/jre/lib/i386/libnio.so
003f2000-003f3000 r--p 00007000 08:07 63656      /usr/lib/jvm/java-6-openjdk/jre/lib/i386/libnio.so
003f3000-003f4000 rw-p 00008000 08:07 63656      /usr/lib/jvm/java-6-openjdk/jre/lib/i386/libnio.so
0040c000-00414000 r-xp 00000000 08:07 133535     /lib/i386-linux-gnu/libnss_compat-2.13.so
00414000-00415000 r--p 00007000 08:07 133535     /lib/i386-linux-gnu/libnss_compat-2.13.so
00415000-00416000 rw-p 00008000 08:07 133535     /lib/i386-linux-gnu/libnss_compat-2.13.so
00416000-00552000 r-xp 00000000 08:07 5442       /usr/lib/i386-linux-gnu/libnss3.so
00552000-00555000 r--p 0013b000 08:07 5442       /usr/lib/i386-linux-gnu/libnss3.so
00555000-00557000 rw-p 0013e000 08:07 5442       /usr/lib/i386-linux-gnu/libnss3.so
00566000-00569000 r-xp 00000000 08:07 5477       /usr/lib/i386-linux-gnu/libplds4.so
00569000-0056a000 r--p 00002000 08:07 5477       /usr/lib/i386-linux-gnu/libplds4.so
0056a000-0056b000 rw-p 00003000 08:07 5477       /usr/lib/i386-linux-gnu/libplds4.so
0056b000-005be000 r-xp 00000000 08:07 5936       /usr/lib/i386-linux-gnu/nss/libfreebl3.so
005be000-005bf000 r--p 00052000 08:07 5936       /usr/lib/i386-linux-gnu/nss/libfreebl3.so
005bf000-005c0000 rw-p 00053000 08:07 5936       /usr/lib/i386-linux-gnu/nss/libfreebl3.so
005c0000-005c4000 rw-p 00000000 00:00 0 
005ef000-005f6000 r-xp 00000000 08:07 64577      /usr/lib/jvm/java-6-openjdk/jre/lib/i386/libmanagement.so
005f6000-005f7000 r--p 00006000 08:07 64577      /usr/lib/jvm/java-6-openjdk/jre/lib/i386/libmanagement.so
005f7000-005f8000 rw-p 00007000 08:07 64577      /usr/lib/jvm/java-6-openjdk/jre/lib/i386/libmanagement.so
00656000-0068d000 r-xp 00000000 08:07 5441       /usr/lib/i386-linux-gnu/libnspr4.so
0068d000-0068e000 ---p 00037000 08:07 5441       /usr/lib/i386-linux-gnu/libnspr4.so
0068e000-0068f000 r--p 00037000 08:07 5441       /usr/lib/i386-linux-gnu/libnspr4.so
0068f000-00690000 rw-p 00038000 08:07 5441       /usr/lib/i386-linux-gnu/libnspr4.so
00690000-00692000 rw-p 00000000 00:00 0 
00692000-00730000 r-xp 00000000 08:07 5513       /usr/lib/i386-linux-gnu/libsqlite3.so.0.8.6
00730000-00731000 ---p 0009e000 08:07 5513       /usr/lib/i386-linux-gnu/libsqlite3.so.0.8.6
00731000-00732000 r--p 0009e000 08:07 5513       /usr/lib/i386-linux-gnu/libsqlite3.so.0.8.6
00732000-00733000 rw-p 0009f000 08:07 5513       /usr/lib/i386-linux-gnu/libsqlite3.so.0.8.6
00733000-00734000 rw-p 00000000 00:00 0 
0073f000-00746000 r-xp 00000000 08:07 133562     /lib/i386-linux-gnu/librt-2.13.so
00746000-00747000 r--p 00006000 08:07 133562     /lib/i386-linux-gnu/librt-2.13.so
00747000-00748000 rw-p 00007000 08:07 133562     /lib/i386-linux-gnu/librt-2.13.so
0074b000-0075e000 r-xp 00000000 08:07 133581     /lib/i386-linux-gnu/libz.so.1.2.3.4
0075e000-0075f000 r--p 00012000 08:07 133581     /lib/i386-linux-gnu/libz.so.1.2.3.4
0075f000-00760000 rw-p 00013000 08:07 133581     /lib/i386-linux-gnu/libz.so.1.2.3.4
0078f000-007a6000 r-xp 00000000 08:07 133558     /lib/i386-linux-gnu/libpthread-2.13.so
007a6000-007a7000 r--p 00016000 08:07 133558     /lib/i386-linux-gnu/libpthread-2.13.so
007a7000-007a8000 rw-p 00017000 08:07 133558     /lib/i386-linux-gnu/libpthread-2.13.so
007a8000-007aa000 rw-p 00000000 00:00 0 
007b1000-00927000 r-xp 00000000 08:07 133498     /lib/i386-linux-gnu/libc-2.13.so
00927000-00929000 r--p 00176000 08:07 133498     /lib/i386-linux-gnu/libc-2.13.so
00929000-0092a000 rw-p 00178000 08:07 133498     /lib/i386-linux-gnu/libc-2.13.so
0092a000-0092d000 rw-p 00000000 00:00 0 
009f1000-00a0d000 r-xp 00000000 08:07 133519     /lib/i386-linux-gnu/libgcc_s.so.1
00a0d000-00a0e000 r--p 0001b000 08:07 133519     /lib/i386-linux-gnu/libgcc_s.so.1
00a0e000-00a0f000 rw-p 0001c000 08:07 133519     /lib/i386-linux-gnu/libgcc_s.so.1
00a70000-00a71000 r-xp 00000000 00:00 0          [vdso]
00af8000-00b03000 r-xp 00000000 08:07 64574      /usr/lib/jvm/java-6-openjdk/jre/lib/i386/libverify.so
00b03000-00b04000 ---p 0000b000 08:07 64574      /usr/lib/jvm/java-6-openjdk/jre/lib/i386/libverify.so
00b04000-00b05000 r--p 0000b000 08:07 64574      /usr/lib/jvm/java-6-openjdk/jre/lib/i386/libverify.so
00b05000-00b06000 rw-p 0000c000 08:07 64574      /usr/lib/jvm/java-6-openjdk/jre/lib/i386/libverify.so
00b5f000-00b69000 r-xp 00000000 08:07 133543     /lib/i386-linux-gnu/libnss_nis-2.13.so
00b69000-00b6a000 r--p 00009000 08:07 133543     /lib/i386-linux-gnu/libnss_nis-2.13.so
00b6a000-00b6b000 rw-p 0000a000 08:07 133543     /lib/i386-linux-gnu/libnss_nis-2.13.so
00bac000-00bb3000 r-xp 00000000 08:07 63673      /usr/lib/jvm/java-6-openjdk/jre/lib/i386/libzip.so
00bb3000-00bb4000 r--p 00006000 08:07 63673      /usr/lib/jvm/java-6-openjdk/jre/lib/i386/libzip.so
00bb4000-00bb5000 rw-p 00007000 08:07 63673      /usr/lib/jvm/java-6-openjdk/jre/lib/i386/libzip.so
00c60000-00c64000 r-xp 00000000 08:07 64579      /usr/lib/jvm/java-6-openjdk/jre/lib/i386/libdt_socket.so
00c64000-00c65000 r--p 00003000 08:07 64579      /usr/lib/jvm/java-6-openjdk/jre/lib/i386/libdt_socket.so
00c65000-00c66000 rw-p 00004000 08:07 64579      /usr/lib/jvm/java-6-openjdk/jre/lib/i386/libdt_socket.so
00c9e000-00cbc000 r-xp 00000000 08:07 133485     /lib/i386-linux-gnu/ld-2.13.so
00cbc000-00cbd000 r--p 0001d000 08:07 133485     /lib/i386-linux-gnu/ld-2.13.so
00cbd000-00cbe000 rw-p 0001e000 08:07 133485     /lib/i386-linux-gnu/ld-2.13.so
00d77000-00d8c000 r-xp 00000000 08:07 133533     /lib/i386-linux-gnu/libnsl-2.13.so
00d8c000-00d8d000 r--p 00015000 08:07 133533     /lib/i386-linux-gnu/libnsl-2.13.so
00d8d000-00d8e000 rw-p 00016000 08:07 133533     /lib/i386-linux-gnu/libnsl-2.13.so
00d8e000-00d90000 rw-p 00000000 00:00 0 
00db0000-00db3000 r-xp 00000000 08:07 133509     /lib/i386-linux-gnu/libdl-2.13.so
00db3000-00db4000 r--p 00002000 08:07 133509     /lib/i386-linux-gnu/libdl-2.13.so
00db4000-00db5000 rw-p 00003000 08:07 133509     /lib/i386-linux-gnu/libdl-2.13.so
00db5000-015d3000 r-xp 00000000 08:07 64566      /usr/lib/jvm/java-6-openjdk/jre/lib/i386/server/libjvm.so
015d3000-01618000 r--p 0081e000 08:07 64566      /usr/lib/jvm/java-6-openjdk/jre/lib/i386/server/libjvm.so
01618000-01627000 rw-p 00863000 08:07 64566      /usr/lib/jvm/java-6-openjdk/jre/lib/i386/server/libjvm.so
01627000-01a41000 rw-p 00000000 00:00 0 
08048000-08051000 r-xp 00000000 08:07 16931      /usr/lib/jvm/java-6-openjdk/jre/bin/java
08051000-08052000 r--p 00008000 08:07 16931      /usr/lib/jvm/java-6-openjdk/jre/bin/java
08052000-08053000 rw-p 00009000 08:07 16931      /usr/lib/jvm/java-6-openjdk/jre/bin/java
09372000-0adff000 rw-p 00000000 00:00 0          [heap]
89400000-894e6000 rw-p 00000000 00:00 0 
894e6000-89500000 ---p 00000000 00:00 0 
89600000-896fb000 rw-p 00000000 00:00 0 
896fb000-89700000 ---p 00000000 00:00 0 
89700000-897d5000 rw-p 00000000 00:00 0 
897d5000-89800000 ---p 00000000 00:00 0 
89800000-898ea000 rw-p 00000000 00:00 0 
898ea000-89900000 ---p 00000000 00:00 0 
89aaf000-89ab2000 ---p 00000000 00:00 0 
89ab2000-89b00000 rw-p 00000000 00:00 0 
89b00000-89bfa000 rw-p 00000000 00:00 0 
89bfa000-89c00000 ---p 00000000 00:00 0 
89c00000-89cfe000 rw-p 00000000 00:00 0 
89cfe000-89d00000 ---p 00000000 00:00 0 
89d00000-89df0000 rw-p 00000000 00:00 0 
89df0000-89e00000 ---p 00000000 00:00 0 
89e00000-89f00000 rw-p 00000000 00:00 0 
89f00000-89fd6000 rw-p 00000000 00:00 0 
89fd6000-8a000000 ---p 00000000 00:00 0 
8a000000-8a0f9000 rw-p 00000000 00:00 0 
8a0f9000-8a100000 ---p 00000000 00:00 0 
8a100000-8a200000 rw-p 00000000 00:00 0 
8a21a000-8a21d000 ---p 00000000 00:00 0 
8a21d000-8a26b000 rw-p 00000000 00:00 0 
8a26b000-8a26e000 ---p 00000000 00:00 0 
8a26e000-8a2bc000 rw-p 00000000 00:00 0 
8a2bc000-8a2bf000 ---p 00000000 00:00 0 
8a2bf000-8a30d000 rw-p 00000000 00:00 0 
8a30d000-8a310000 ---p 00000000 00:00 0 
8a310000-8a35e000 rw-p 00000000 00:00 0 
8a35e000-8a361000 ---p 00000000 00:00 0 
8a361000-8a3af000 rw-p 00000000 00:00 0 
8a3af000-8a3b2000 ---p 00000000 00:00 0 
8a3b2000-8a400000 rw-p 00000000 00:00 0 
8a400000-8a4f2000 rw-p 00000000 00:00 0 
8a4f2000-8a500000 ---p 00000000 00:00 0 
8a500000-8a5fc000 rw-p 00000000 00:00 0 
8a5fc000-8a600000 ---p 00000000 00:00 0 
8a600000-8a7fe000 rw-p 00000000 00:00 0 
8a7fe000-8a800000 ---p 00000000 00:00 0 
8a800000-8a8da000 rw-p 00000000 00:00 0 
8a8da000-8a900000 ---p 00000000 00:00 0 
8a900000-8a9f9000 rw-p 00000000 00:00 0 
8a9f9000-8aa00000 ---p 00000000 00:00 0 
8aa00000-8aafa000 rw-p 00000000 00:00 0 
8aafa000-8ab00000 ---p 00000000 00:00 0 
8ab00000-8abfd000 rw-p 00000000 00:00 0 
8abfd000-8ac00000 ---p 00000000 00:00 0 
8ac00000-8acfb000 rw-p 00000000 00:00 0 
8acfb000-8ad00000 ---p 00000000 00:00 0 
8ad00000-8adf9000 rw-p 00000000 00:00 0 
8adf9000-8ae00000 ---p 00000000 00:00 0 
8ae00000-8aeff000 rw-p 00000000 00:00 0 
8aeff000-8af00000 ---p 00000000 00:00 0 
8af00000-8affb000 rw-p 00000000 00:00 0 
8affb000-8b000000 ---p 00000000 00:00 0 
8b000000-8b0f7000 rw-p 00000000 00:00 0 
8b0f7000-8b100000 ---p 00000000 00:00 0 
8b100000-8b1f7000 rw-p 00000000 00:00 0 
8b1f7000-8b200000 ---p 00000000 00:00 0 
8b200000-8b300000 rw-p 00000000 00:00 0 
8b302000-8b309000 r--s 000fb000 08:07 63546      /usr/lib/jvm/java-6-openjdk/jre/lib/resources.jar
8b309000-8b30d000 r--s 00038000 08:07 15087      /usr/lib/jvm/java-6-openjdk/jre/lib/ext/sunpkcs11.jar
8b30d000-8b310000 ---p 00000000 00:00 0 
8b310000-8b35e000 rw-p 00000000 00:00 0 
8b35e000-8b361000 ---p 00000000 00:00 0 
8b361000-8b3af000 rw-p 00000000 00:00 0 
8b3af000-8b3b2000 ---p 00000000 00:00 0 
8b3b2000-8b400000 rw-p 00000000 00:00 0 
8b400000-8b500000 rw-p 00000000 00:00 0 
8b500000-8b503000 ---p 00000000 00:00 0 
8b503000-8b551000 rw-p 00000000 00:00 0 
8b551000-8b554000 ---p 00000000 00:00 0 
8b554000-8b5a2000 rw-p 00000000 00:00 0 
8b5a2000-8b5a5000 ---p 00000000 00:00 0 
8b5a5000-8b5f3000 rw-p 00000000 00:00 0 
8b5f3000-8b5f7000 r--s 00027000 00:14 46931      /home/wes/play/framework/lib/gson-1.7.1.jar
8b5f7000-8b606000 r--s 0007c000 00:14 46950      /home/wes/play/framework/lib/joda-time-2.0.jar
8b606000-8b608000 r--s 0000b000 00:14 46948      /home/wes/play/framework/lib/jj-textile.jar
8b608000-8b60a000 r--s 0000d000 00:14 46918      /home/wes/play/framework/lib/commons-codec-1.4.jar
8b60a000-8b60c000 r--s 0000c000 00:14 46910      /home/wes/play/framework/lib/activation-1.1.1.jar
8b60c000-8b615000 r--s 0005d000 00:14 46938      /home/wes/play/framework/lib/hibernate-entitymanager-3.6.0.Final.jar
8b615000-8b620000 r--s 0008b000 00:14 46915      /home/wes/play/framework/lib/c3p0-0.9.1.2.jar
8b620000-8b623000 r--s 0000f000 00:14 46934      /home/wes/play/framework/lib/hibernate-commons-annotations-3.2.0.Final.jar
8b623000-8b624000 r--s 00002000 00:14 46966      /home/wes/play/framework/lib/slf4j-log4j12-1.6.1.jar
8b624000-8b626000 r--s 0000e000 00:14 46923      /home/wes/play/framework/lib/commons-javaflow-1066591.jar
8b626000-8b62b000 r--s 00048000 00:14 46926      /home/wes/play/framework/lib/dom4j-1.6.1.jar
8b62b000-8b62c000 r--s 00007000 00:14 46920      /home/wes/play/framework/lib/commons-email-1.2.jar
8b62c000-8b632000 r--s 00038000 00:14 46967      /home/wes/play/framework/lib/snakeyaml-1.7.jar
8b632000-8b634000 r--s 00001000 00:14 46952      /home/wes/play/framework/lib/jsr107cache-1.0.jar
8b634000-8b63a000 r--s 00032000 00:14 46945      /home/wes/play/framework/lib/jaxen-1.1.jar
8b63a000-8b641000 r--s 000b7000 00:14 46959      /home/wes/play/framework/lib/mysql-connector-java-5.1.13.jar
8b641000-8b646000 r--s 0002e000 00:14 46912      /home/wes/play/framework/lib/asm-all-3.3.1.jar
8b646000-8b649000 r--s 00024000 00:14 46922      /home/wes/play/framework/lib/commons-io-2.0.1.jar
8b649000-8b64b000 r--s 0000d000 00:14 46925      /home/wes/play/framework/lib/commons-logging-1.1.1.jar
8b64b000-8b652000 r--s 00049000 00:14 46962      /home/wes/play/framework/lib/oval-1.50.jar
8b652000-8b684000 r--s 002c7000 00:14 46936      /home/wes/play/framework/lib/hibernate-core-3.6.1.Final.jar
8b684000-8b6d8000 r--s 00520000 00:14 46930      /home/wes/play/framework/lib/groovy-all-1.7.10.jar
8b6d8000-8b6db000 r--s 00022000 00:14 46942      /home/wes/play/framework/lib/jamon-2.7.jar
8b6db000-8b6dd000 r--s 0000d000 00:14 46921      /home/wes/play/framework/lib/commons-fileupload-1.2.2.jar
8b6dd000-8b6e4000 r--s 00038000 00:14 46949      /home/wes/play/framework/lib/jj-wikitext.jar
8b6e4000-8b6ea000 r--s 00049000 00:14 46916      /home/wes/play/framework/lib/cglib-nodep-2.2.jar
8b6ea000-8b6ec000 r--s 00008000 00:14 46964      /home/wes/play/framework/lib/signpost-core-1.2.jar
8b6ec000-8b6f2000 r--s 00067000 00:14 46911      /home/wes/play/framework/lib/antlr-2.7.6.jar
8b6f2000-8b6f4000 r--s 00015000 00:14 46947      /home/wes/play/framework/lib/jj-simplecaptcha.jar
8b6f4000-8b6fa000 r--s 00034000 00:14 46954      /home/wes/play/framework/lib/junit-4.8.1.jar
8b6fa000-8b700000 r--s 00040000 00:14 46958      /home/wes/play/framework/lib/memcached-2.6.jar
8b700000-8b7f9000 rw-p 00000000 00:00 0 
8b7f9000-8b800000 ---p 00000000 00:00 0 
8b800000-8b802000 r--s 00013000 08:07 11321      /usr/lib/jvm/java-6-openjdk/jre/lib/jce.jar
8b802000-8b805000 r--s 00031000 08:07 15367      /usr/lib/jvm/java-6-openjdk/jre/lib/ext/sunjce_provider.jar
8b805000-8b814000 r--s 000d9000 00:14 46941      /home/wes/play/framework/lib/ivy-2.2.0.jar
8b814000-8b819000 r--s 00034000 00:14 46917      /home/wes/play/framework/lib/commons-beanutils-1.8.3.jar
8b819000-8b81b000 r--s 00005000 00:14 46965      /home/wes/play/framework/lib/slf4j-api-1.6.1.jar
8b81b000-8b829000 r--s 0007f000 00:14 46919      /home/wes/play/framework/lib/commons-collections-3.2.1.jar
8b829000-8b82e000 r--s 00014000 00:14 46940      /home/wes/play/framework/lib/hibernate-jpa-2.0-api-1.0.0.Final.jar
8b82e000-8b835000 r--s 0004d000 00:14 46913      /home/wes/play/framework/lib/async-http-client-1.6.5.jar
8b835000-8b838000 r--s 00011000 00:14 46928      /home/wes/play/framework/lib/ezmorph-1.0.3.jar
8b838000-8b83a000 r--s 00015000 00:14 46951      /home/wes/play/framework/lib/jregex-1.2_01.jar
8b83a000-8b864000 r--s 00427000 00:14 46961      /home/wes/play/framework/lib/org.eclipse.jdt.core-3.8.0.v_C03.jar
8b864000-8b874000 r--s 000b2000 00:14 46960      /home/wes/play/framework/lib/netty-3.2.5.Final.jar
8b874000-8b87d000 r--s 0006d000 00:14 46956      /home/wes/play/framework/lib/log4j-1.2.16.jar
8b87d000-8b882000 r--s 00041000 00:14 46924      /home/wes/play/framework/lib/commons-lang-2.6.jar
8b882000-8b883000 r--s 00000000 00:14 46944      /home/wes/play/framework/lib/javax.inject-1.0.jar
8b883000-8b889000 r--s 0007e000 00:14 46963      /home/wes/play/framework/lib/postgresql-9.0.jar
8b889000-8b88c000 r--s 0000f000 00:14 46929      /home/wes/play/framework/lib/geronimo-servlet_2.5_spec-1.2.jar
8b88c000-8b8b1000 r--s 00172000 00:14 46914      /home/wes/play/framework/lib/bcprov-jdk15-1.45.jar
8b8b1000-8b8b3000 r--s 00002000 00:14 46953      /home/wes/play/framework/lib/jta-1.1.jar
8b8b3000-8b8bb000 r--s 0008a000 00:14 46943      /home/wes/play/framework/lib/javassist-3.9.0.GA.jar
8b8bb000-8b8c0000 r--s 00020000 00:14 46946      /home/wes/play/framework/lib/jj-imaging.jar
8b8c0000-8b8cb000 r--s 0005a000 00:14 46968      /home/wes/play/framework/lib/xstream-1.3.jar
8b8cb000-8b8d6000 r--s 00124000 00:14 46932      /home/wes/play/framework/lib/h2-1.3.149.jar
8b8d6000-8b8dd000 r--s 0006a000 00:14 46957      /home/wes/play/framework/lib/mail-1.4.3.jar
8b8dd000-8b8e7000 r--s 0006f000 00:14 46927      /home/wes/play/framework/lib/ehcache-core-2.0.0.jar
8b8e7000-8b8ec000 r--s 00040000 00:14 70890      /home/wes/rhok/lib/dependencies/commons-lang-2.5.jar
8b8ec000-8b8ef000 r--s 00013000 00:14 70896      /home/wes/rhok/lib/dependencies/ezmorph-1.0.6.jar
8b8ef000-8b8f1000 r--s 0000d000 00:14 70893      /home/wes/rhok/lib/dependencies/commons-logging-1.1.1.jar
8b8f1000-8b8f7000 r--s 00045000 00:14 70887      /home/wes/rhok/lib/dependencies/commons-httpclient-3.1.jar
8b8f7000-8b905000 r--s 0007f000 00:14 70884      /home/wes/rhok/lib/dependencies/commons-collections-3.2.1.jar
8b905000-8b906000 ---p 00000000 00:00 0 
8b906000-8b986000 rw-p 00000000 00:00 0 
8b986000-8b989000 ---p 00000000 00:00 0 
8b989000-8b9d7000 rw-p 00000000 00:00 0 
8b9d7000-8b9da000 ---p 00000000 00:00 0 
8b9da000-8ba58000 rw-p 00000000 00:00 0 
8ba58000-8ba5b000 ---p 00000000 00:00 0 
8ba5b000-8bad9000 rw-p 00000000 00:00 0 
8bad9000-8badc000 ---p 00000000 00:00 0 
8badc000-8bb2b000 rw-p 00000000 00:00 0 
8bb2b000-8bb2e000 ---p 00000000 00:00 0 
8bb2e000-8bb7c000 rw-p 00000000 00:00 0 
8bb7c000-8bb7f000 ---p 00000000 00:00 0 
8bb7f000-8bbcd000 rw-p 00000000 00:00 0 
8bbcd000-8bbd0000 ---p 00000000 00:00 0 
8bbd0000-8bc1e000 rw-p 00000000 00:00 0 
8bc1e000-8bc21000 ---p 00000000 00:00 0 
8bc21000-8bc6f000 rw-p 00000000 00:00 0 
8bc6f000-8be00000 r--s 037b8000 08:07 64585      /usr/lib/jvm/java-6-openjdk/jre/lib/rt.jar
8be00000-8bf00000 rw-p 00000000 00:00 0 
8bf00000-8bf03000 r--s 00024000 00:14 70899      /home/wes/rhok/lib/dependencies/json-lib-2.4-jdk15.jar
8bf03000-8bf08000 r--s 00034000 00:14 70878      /home/wes/rhok/lib/dependencies/commons-beanutils-1.8.1.jar
8bf08000-8bf0a000 r--s 0000a000 00:14 70881      /home/wes/rhok/lib/dependencies/commons-codec-1.3.jar
8bf0a000-8bf0c000 r--s 00004000 00:14 67438      /home/wes/rhok/lib/stax-api-1.0-2.jar
8bf0c000-8bf0e000 r--s 0000a000 00:14 70902      /home/wes/rhok/lib/tropo-webapi-java-0.3.jar
8bf0e000-8bf12000 r--s 00034000 00:14 67439      /home/wes/rhok/lib/jackson-core-asl-1.8.0.jar
8bf12000-8bf18000 r--s 00059000 00:14 67435      /home/wes/rhok/lib/mail-1.4.jar
8bf18000-8bf1c000 r--s 0001c000 00:14 67430      /home/wes/rhok/lib/jersey-client-1.8.jar
8bf1c000-8bf26000 r--s 00066000 00:14 67431      /home/wes/rhok/lib/jersey-core-1.8.jar
8bf26000-8bf32000 r--s 00097000 00:14 67432      /home/wes/rhok/lib/jackson-mapper-asl-1.8.0.jar
8bf32000-8bf3e000 r--s 000c2000 00:14 46973      /home/wes/play/framework/play-1.2.4.jar
8bf3e000-8bf3f000 ---p 00000000 00:00 0 
8bf3f000-8bff2000 rw-p 00000000 00:00 0 
8bff2000-8bff3000 ---p 00000000 00:00 0 
8bff3000-8c073000 rw-p 00000000 00:00 0 
8c073000-8c074000 ---p 00000000 00:00 0 
8c074000-8c105000 rw-p 00000000 00:00 0 
8c105000-8c134000 rw-p 00000000 00:00 0 
8c134000-8c13f000 rw-p 00000000 00:00 0 
8c13f000-8c1df000 rw-p 00000000 00:00 0 
8c1df000-8c1f0000 rw-p 00000000 00:00 0 
8c1f0000-8c21f000 rw-p 00000000 00:00 0 
8c21f000-8c22a000 rw-p 00000000 00:00 0 
8c22a000-8c2c9000 rw-p 00000000 00:00 0 
8c2c9000-8c2f0000 rw-p 00000000 00:00 0 
8c2f0000-8c2f3000 ---p 00000000 00:00 0 
8c2f3000-8c31f000 rw-p 00000000 00:00 0 
8c31f000-8e420000 rw-p 00000000 00:00 0 
8e420000-94320000 rw-p 00000000 00:00 0 
94320000-95760000 rw-p 00000000 00:00 0 
95760000-a9880000 rw-p 00000000 00:00 0 
a9880000-ae3d0000 rw-p 00000000 00:00 0 
ae3d0000-aea10000 ---p 00000000 00:00 0 
aea10000-b4320000 rw-p 00000000 00:00 0 
b4320000-b4323000 r--s 00013000 00:14 67436      /home/wes/rhok/lib/jaxb-api-2.1.jar
b4323000-b4327000 r--s 00069000 00:14 67433      /home/wes/rhok/lib/osgi_R4_core-1.0.jar
b4327000-b4335000 rw-p 00000000 00:00 0 
b4335000-b43e7000 rw-p 00000000 00:00 0 
b43e7000-b472f000 rwxp 00000000 00:00 0 
b472f000-b73e7000 rw-p 00000000 00:00 0 
b73e7000-b73ef000 rw-s 00000000 08:07 403723     /tmp/hsperfdata_wes/6776
b73ef000-b7521000 r--p 002ff000 08:07 8675       /usr/lib/locale/locale-archive
b7521000-b7561000 r--p 002bd000 08:07 8675       /usr/lib/locale/locale-archive
b7561000-b7761000 r--p 00000000 08:07 8675       /usr/lib/locale/locale-archive
b7761000-b7764000 ---p 00000000 00:00 0 
b7764000-b77b5000 rw-p 00000000 00:00 0 
b77b5000-b77b7000 r--s 0000e000 00:14 67437      /home/wes/rhok/lib/activation-1.1.jar
b77b7000-b77b9000 r--s 0000a000 00:14 67434      /home/wes/rhok/lib/jsr311-api-1.1.1.jar
b77b9000-b77bc000 r--s 0007d000 08:07 11320      /usr/lib/jvm/java-6-openjdk/jre/lib/jsse.jar
b77bc000-b77be000 r--s 0000f000 08:07 63335      /usr/lib/jvm/java-6-openjdk/jre/lib/ext/pulse-java.jar
b77be000-b77c6000 r--s 00066000 08:07 389588     /usr/share/java/gnome-java-bridge.jar
b77c6000-b77c7000 rw-p 00000000 00:00 0 
b77c7000-b77c8000 r--p 00000000 00:00 0 
b77c8000-b77ca000 rw-p 00000000 00:00 0 
bf7fd000-bf81f000 rw-p 00000000 00:00 0          [stack]

VM Arguments:
jvm_args: -javaagent:/home/wes/play/framework/play-1.2.4.jar -XX:-UseSplitVerifier -Dfile.encoding=utf-8 -Xdebug -Xrunjdwp:transport=dt_socket,address=8000,server=y,suspend=n -Dplay.debug=yes -Dapplication.path=/home/wes/rhok -Dplay.id= 
java_command: play.server.Server 
Launcher Type: SUN_STANDARD

Environment Variables:
PATH=/usr/lib/lightdm/lightdm:/usr/local/sbin:/usr/local/bin:/usr/sbin:/usr/bin:/sbin:/bin:/usr/games:/home/wes/play
USERNAME=wes
LD_LIBRARY_PATH=/usr/lib/jvm/java-6-openjdk/jre/lib/i386/server:/usr/lib/jvm/java-6-openjdk/jre/lib/i386:/usr/lib/jvm/java-6-openjdk/jre/../lib/i386
SHELL=/bin/bash
DISPLAY=:0.0

Signal Handlers:
SIGSEGV: [libjvm.so+0x66a530], sa_mask[0]=0x7ffbfeff, sa_flags=0x10000004
SIGBUS: [libjvm.so+0x66a530], sa_mask[0]=0x7ffbfeff, sa_flags=0x10000004
SIGFPE: [libjvm.so+0x52e2c0], sa_mask[0]=0x7ffbfeff, sa_flags=0x10000004
SIGPIPE: SIG_IGN, sa_mask[0]=0x00000000, sa_flags=0x00000000
SIGXFSZ: [libjvm.so+0x52e2c0], sa_mask[0]=0x7ffbfeff, sa_flags=0x10000004
SIGILL: [libjvm.so+0x52e2c0], sa_mask[0]=0x7ffbfeff, sa_flags=0x10000004
SIGUSR1: SIG_DFL, sa_mask[0]=0x00000000, sa_flags=0x00000000
SIGUSR2: [libjvm.so+0x52e150], sa_mask[0]=0x00000000, sa_flags=0x10000004
SIGHUP: [libjvm.so+0x5311f0], sa_mask[0]=0x7ffbfeff, sa_flags=0x10000004
SIGINT: [libjvm.so+0x5311f0], sa_mask[0]=0x7ffbfeff, sa_flags=0x10000004
SIGTERM: [libjvm.so+0x5311f0], sa_mask[0]=0x7ffbfeff, sa_flags=0x10000004
SIGQUIT: [libjvm.so+0x5311f0], sa_mask[0]=0x7ffbfeff, sa_flags=0x10000004


---------------  S Y S T E M  ---------------

OS:Ubuntu 11.10 (oneiric)
uname:Linux 3.0.0-12-generic #20-Ubuntu SMP Fri Oct 7 14:50:42 UTC 2011 i686
libc:glibc 2.13 NPTL 2.13 
rlimit: STACK 8192k, CORE 0k, NPROC 15397, NOFILE 4096, AS infinity
load average:0.01 0.07 0.11

/proc/meminfo:
MemTotal:        1990652 kB
MemFree:          136320 kB
Buffers:           34904 kB
Cached:           556476 kB
SwapCached:         7628 kB
Active:          1088740 kB
Inactive:         635756 kB
Active(anon):     894072 kB
Inactive(anon):   446828 kB
Active(file):     194668 kB
Inactive(file):   188928 kB
Unevictable:          32 kB
Mlocked:              32 kB
HighTotal:       1115352 kB
HighFree:          14232 kB
LowTotal:         875300 kB
LowFree:          122088 kB
SwapTotal:       2457908 kB
SwapFree:        2408536 kB
Dirty:               252 kB
Writeback:             0 kB
AnonPages:       1126540 kB
Mapped:           128252 kB
Shmem:            207720 kB
Slab:              76048 kB
SReclaimable:      41556 kB
SUnreclaim:        34492 kB
KernelStack:        3784 kB
PageTables:        10096 kB
NFS_Unstable:          0 kB
Bounce:                0 kB
WritebackTmp:          0 kB
CommitLimit:     3453232 kB
Committed_AS:    3755264 kB
VmallocTotal:     122880 kB
VmallocUsed:       46852 kB
VmallocChunk:      70320 kB
HardwareCorrupted:     0 kB
AnonHugePages:         0 kB
HugePages_Total:       0
HugePages_Free:        0
HugePages_Rsvd:        0
HugePages_Surp:        0
Hugepagesize:       4096 kB
DirectMap4k:       16376 kB
DirectMap4M:      892928 kB


CPU:total 2 (2 cores per cpu, 1 threads per core) family 6 model 23 stepping 10, cmov, cx8, fxsr, mmx, sse, sse2, sse3, ssse3, sse4.1

Memory: 4k page, physical 1990652k(136320k free), swap 2457908k(2408536k free)

vm_info: OpenJDK Server VM (20.0-b11) for linux-x86 JRE (1.6.0_23-b23), built on Oct 22 2011 01:02:34 by "buildd" with gcc 4.6.1

time: Sat Dec  3 22:55:28 2011
elapsed time: 406 seconds

