#
# A fatal error has been detected by the Java Runtime Environment:
#
#  SIGSEGV (0xb) at pc=0x013fea23, pid=5767, tid=2345298800
#
# JRE version: 6.0_23-b23
# Java VM: OpenJDK Server VM (20.0-b11 mixed mode linux-x86 )
# Derivative: IcedTea6 1.11pre
# Distribution: Ubuntu 11.10, package 6b23~pre11-0ubuntu1.11.10
# Problematic frame:
# V  [libjvm.so+0x4a7a23]  PhaseIdealLoop::build_loop_late_post(Node*)+0x143
#
# If you would like to submit a bug report, please include
# instructions how to reproduce the bug and visit:
#   https://bugs.launchpad.net/ubuntu/+source/openjdk-6/
#

---------------  T H R E A D  ---------------

Current thread (0x099fa400):  JavaThread "C2 CompilerThread0" daemon [_thread_in_native, id=5777, stack(0x8bc26000,0x8bca7000)]

siginfo:si_signo=SIGSEGV: si_errno=0, si_code=1 (SEGV_MAPERR), si_addr=0x00000004

Registers:
EAX=0x00000000, EBX=0x017b9ff4, ECX=0x0a190700, EDX=0x0a5f51f0
ESP=0x8bca4830, EBP=0x0a54c598, ESI=0x8bca50cc, EDI=0x0a5f51f0
EIP=0x013fea23, EFLAGS=0x00010206, CR2=0x00000004

Top of Stack: (sp=0x8bca4830)
0x8bca4830:   8bca50cc 0a622014 09fa22ec 0a5be0b8
0x8bca4840:   0a5b0058 00000000 00000200 017b9ff4
0x8bca4850:   00000400 00a1e0eb 017b9ff4 00002000
0x8bca4860:   0a19076c 00000000 09fa22ec 8bca50dc
0x8bca4870:   00000010 00a1e0eb 017b9ff4 017b9ff4
0x8bca4880:   0a622014 00000190 0a1950f4 013fefb0
0x8bca4890:   8bca50cc 0a622014 00000040 017b9ff4
0x8bca48a0:   8bca50cc 00000002 00000002 8bca537c 

Instructions: (pc=0x013fea23)
0x013fea03:   29 04 00 00 39 f8 0f 84 b5 03 00 00 8b 50 1c 89
0x013fea13:   44 24 30 66 90 8b be d0 02 00 00 8d 14 97 8b 02
0x013fea23:   8b 48 04 8b 29 85 ed 75 1f 8b 7e 14 90 8b 48 1c
0x013fea33:   31 c0 39 f9 73 09 8b 46 18 8b 04 88 83 e0 fe 8b 

Register to memory mapping:

EAX=0x00000000 is an unknown value
EBX=0x017b9ff4: <offset 0x862ff4> in /usr/lib/jvm/java-6-openjdk/jre/lib/i386/server/libjvm.so at 0x00f57000
ECX=0x0a190700 is an unknown value
EDX=0x0a5f51f0 is an unknown value
ESP=0x8bca4830 is pointing into the stack for thread: 0x099fa400
EBP=0x0a54c598 is an unknown value
ESI=0x8bca50cc is pointing into the stack for thread: 0x099fa400
EDI=0x0a5f51f0 is an unknown value


Stack: [0x8bc26000,0x8bca7000],  sp=0x8bca4830,  free space=506k
Native frames: (J=compiled Java code, j=interpreted, Vv=VM code, C=native code)
V  [libjvm.so+0x4a7a23]  PhaseIdealLoop::build_loop_late_post(Node*)+0x143
C  0x09a2ca09


Current CompileTask:
C2:1625800 676      jregex.Pretokenizer.next()V (1064 bytes)


---------------  P R O C E S S  ---------------

Java Threads: ( => current thread )
  0x89c17400 JavaThread "net.sf.ehcache.CacheManager@779d17" daemon [_thread_blocked, id=6354, stack(0x8b550000,0x8b5a1000)]
  0x09d55c00 JavaThread "New I/O server worker #1-2" [_thread_in_native, id=6329, stack(0x8a95e000,0x8a9af000)]
  0x09ff7000 JavaThread "New I/O server worker #1-3" [_thread_in_native, id=6286, stack(0x8adaf000,0x8ae00000)]
  0x0a2c0000 JavaThread "com.mchange.v2.async.ThreadPoolAsynchronousRunner$PoolThread-#2" daemon [_thread_blocked, id=5789, stack(0x8ad5e000,0x8adaf000)]
  0x09e5cc00 JavaThread "com.mchange.v2.async.ThreadPoolAsynchronousRunner$PoolThread-#1" daemon [_thread_blocked, id=5788, stack(0x8af0d000,0x8af5e000)]
  0x09fe3c00 JavaThread "com.mchange.v2.async.ThreadPoolAsynchronousRunner$PoolThread-#0" daemon [_thread_blocked, id=5787, stack(0x8af5e000,0x8afaf000)]
  0x0a34ec00 JavaThread "Timer-0" daemon [_thread_blocked, id=5786, stack(0x8afaf000,0x8b000000)]
  0x09c27c00 JavaThread "play-thread-1" [_thread_in_Java, id=5783, stack(0x8b61e000,0x8b66f000)]
  0x09935c00 JavaThread "DestroyJavaVM" [_thread_blocked, id=5768, stack(0xb77f7000,0xb7848000)]
  0x09d0f800 JavaThread "New I/O server boss #1 ([id: 0x018e18a3, /0:0:0:0:0:0:0:0:9000])" [_thread_in_native, id=5781, stack(0x8b5a1000,0x8b5f2000)]
  0x8bb01c00 JavaThread "Low Memory Detector" daemon [_thread_blocked, id=5779, stack(0x8ba2e000,0x8ba7f000)]
  0x099fc400 JavaThread "C2 CompilerThread1" daemon [_thread_in_native, id=5778, stack(0x8ba7f000,0x8bb00000)]
=>0x099fa400 JavaThread "C2 CompilerThread0" daemon [_thread_in_native, id=5777, stack(0x8bc26000,0x8bca7000)]
  0x099f3800 JavaThread "JDWP Event Helper Thread" daemon [_thread_blocked, id=5776, stack(0x8bca7000,0x8bcf8000)]
  0x099f1000 JavaThread "JDWP Transport Listener: dt_socket" daemon [_thread_in_native, id=5775, stack(0x8bcf9000,0x8bd4a000)]
  0x099d2400 JavaThread "Signal Dispatcher" daemon [_thread_blocked, id=5774, stack(0x8bd4a000,0x8bd9b000)]
  0x099c3000 JavaThread "Finalizer" daemon [_thread_blocked, id=5773, stack(0x8bd9b000,0x8bdec000)]
  0x099be400 JavaThread "Reference Handler" daemon [_thread_blocked, id=5772, stack(0x8bdec000,0x8be3d000)]

Other Threads:
  0x099ba400 VMThread [stack: 0x8be3d000,0x8bebe000] [id=5771]
  0x8bb03c00 WatcherThread [stack: 0x8b9ad000,0x8ba2e000] [id=5780]

VM state:not at safepoint (normal execution)

VM Mutex/Monitor currently owned by a thread: None

Heap
 PSYoungGen      total 49984K, used 5292K [0xa9910000, 0xad190000, 0xb43b0000)
  eden space 48320K, 7% used [0xa9910000,0xa9ca04f8,0xac840000)
  from space 1664K, 98% used [0xacff0000,0xad18aef0,0xad190000)
  to   space 2944K, 0% used [0xacbd0000,0xacbd0000,0xaceb0000)
 PSOldGen        total 20736K, used 13662K [0x943b0000, 0x957f0000, 0xa9910000)
  object space 20736K, 65% used [0x943b0000,0x95107a80,0x957f0000)
 PSPermGen       total 35328K, used 35324K [0x8c3b0000, 0x8e630000, 0x943b0000)
  object space 35328K, 99% used [0x8c3b0000,0x8e62f2f8,0x8e630000)

Code Cache  [0xb447d000, 0xb4835000, 0xb747d000)
 total_blobs=1045 nmethods=647 adapters=360 free_code_cache=46495488 largest_free_block=14272

Dynamic libraries:
00110000-001ee000 r-xp 00000000 08:07 5518       /usr/lib/i386-linux-gnu/libstdc++.so.6.0.16
001ee000-001ef000 ---p 000de000 08:07 5518       /usr/lib/i386-linux-gnu/libstdc++.so.6.0.16
001ef000-001f3000 r--p 000de000 08:07 5518       /usr/lib/i386-linux-gnu/libstdc++.so.6.0.16
001f3000-001f4000 rw-p 000e2000 08:07 5518       /usr/lib/i386-linux-gnu/libstdc++.so.6.0.16
001f4000-001fb000 rw-p 00000000 00:00 0 
001fb000-00217000 r-xp 00000000 08:07 133519     /lib/i386-linux-gnu/libgcc_s.so.1
00217000-00218000 r--p 0001b000 08:07 133519     /lib/i386-linux-gnu/libgcc_s.so.1
00218000-00219000 rw-p 0001c000 08:07 133519     /lib/i386-linux-gnu/libgcc_s.so.1
00219000-00224000 r-xp 00000000 08:07 64574      /usr/lib/jvm/java-6-openjdk/jre/lib/i386/libverify.so
00224000-00225000 ---p 0000b000 08:07 64574      /usr/lib/jvm/java-6-openjdk/jre/lib/i386/libverify.so
00225000-00226000 r--p 0000b000 08:07 64574      /usr/lib/jvm/java-6-openjdk/jre/lib/i386/libverify.so
00226000-00227000 rw-p 0000c000 08:07 64574      /usr/lib/jvm/java-6-openjdk/jre/lib/i386/libverify.so
00227000-0024d000 r-xp 00000000 08:07 17613      /usr/lib/jvm/java-6-openjdk/jre/lib/i386/libjava.so
0024d000-0024e000 r--p 00025000 08:07 17613      /usr/lib/jvm/java-6-openjdk/jre/lib/i386/libjava.so
0024e000-00250000 rw-p 00026000 08:07 17613      /usr/lib/jvm/java-6-openjdk/jre/lib/i386/libjava.so
00250000-0028e000 r-xp 00000000 08:07 64580      /usr/lib/jvm/java-6-openjdk/jre/lib/i386/libjdwp.so
0028e000-0028f000 r--p 0003d000 08:07 64580      /usr/lib/jvm/java-6-openjdk/jre/lib/i386/libjdwp.so
0028f000-00290000 rw-p 0003e000 08:07 64580      /usr/lib/jvm/java-6-openjdk/jre/lib/i386/libjdwp.so
00290000-00298000 r-xp 00000000 08:07 133535     /lib/i386-linux-gnu/libnss_compat-2.13.so
00298000-00299000 r--p 00007000 08:07 133535     /lib/i386-linux-gnu/libnss_compat-2.13.so
00299000-0029a000 rw-p 00008000 08:07 133535     /lib/i386-linux-gnu/libnss_compat-2.13.so
0029a000-002af000 r-xp 00000000 08:07 64582      /usr/lib/jvm/java-6-openjdk/jre/lib/i386/libnet.so
002af000-002b0000 r--p 00014000 08:07 64582      /usr/lib/jvm/java-6-openjdk/jre/lib/i386/libnet.so
002b0000-002b1000 rw-p 00015000 08:07 64582      /usr/lib/jvm/java-6-openjdk/jre/lib/i386/libnet.so
002b1000-002c8000 r-xp 00000000 08:07 5450       /usr/lib/i386-linux-gnu/libnssutil3.so
002c8000-002cb000 r--p 00016000 08:07 5450       /usr/lib/i386-linux-gnu/libnssutil3.so
002cb000-002cc000 rw-p 00019000 08:07 5450       /usr/lib/i386-linux-gnu/libnssutil3.so
002cc000-002d0000 r-xp 00000000 08:07 5476       /usr/lib/i386-linux-gnu/libplc4.so
002d0000-002d1000 r--p 00003000 08:07 5476       /usr/lib/i386-linux-gnu/libplc4.so
002d1000-002d2000 rw-p 00004000 08:07 5476       /usr/lib/i386-linux-gnu/libplc4.so
002d2000-00325000 r-xp 00000000 08:07 5936       /usr/lib/i386-linux-gnu/nss/libfreebl3.so
00325000-00326000 r--p 00052000 08:07 5936       /usr/lib/i386-linux-gnu/nss/libfreebl3.so
00326000-00327000 rw-p 00053000 08:07 5936       /usr/lib/i386-linux-gnu/nss/libfreebl3.so
00327000-0032b000 rw-p 00000000 00:00 0 
0032b000-0032d000 r-xp 00000000 08:07 132631     /lib/libnss_mdns4_minimal.so.2
0032d000-0032e000 r--p 00001000 08:07 132631     /lib/libnss_mdns4_minimal.so.2
0032e000-0032f000 rw-p 00002000 08:07 132631     /lib/libnss_mdns4_minimal.so.2
0032f000-00342000 r-xp 00000000 08:07 133560     /lib/i386-linux-gnu/libresolv-2.13.so
00342000-00343000 r--p 00012000 08:07 133560     /lib/i386-linux-gnu/libresolv-2.13.so
00343000-00344000 rw-p 00013000 08:07 133560     /lib/i386-linux-gnu/libresolv-2.13.so
00344000-00346000 rw-p 00000000 00:00 0 
0036b000-00389000 r-xp 00000000 08:07 133485     /lib/i386-linux-gnu/ld-2.13.so
00389000-0038a000 r--p 0001d000 08:07 133485     /lib/i386-linux-gnu/ld-2.13.so
0038a000-0038b000 rw-p 0001e000 08:07 133485     /lib/i386-linux-gnu/ld-2.13.so
0038b000-00429000 r-xp 00000000 08:07 5513       /usr/lib/i386-linux-gnu/libsqlite3.so.0.8.6
00429000-0042a000 ---p 0009e000 08:07 5513       /usr/lib/i386-linux-gnu/libsqlite3.so.0.8.6
0042a000-0042b000 r--p 0009e000 08:07 5513       /usr/lib/i386-linux-gnu/libsqlite3.so.0.8.6
0042b000-0042c000 rw-p 0009f000 08:07 5513       /usr/lib/i386-linux-gnu/libsqlite3.so.0.8.6
0042c000-0042d000 rw-p 00000000 00:00 0 
0043a000-00442000 r-xp 00000000 08:07 63656      /usr/lib/jvm/java-6-openjdk/jre/lib/i386/libnio.so
00442000-00443000 r--p 00007000 08:07 63656      /usr/lib/jvm/java-6-openjdk/jre/lib/i386/libnio.so
00443000-00444000 rw-p 00008000 08:07 63656      /usr/lib/jvm/java-6-openjdk/jre/lib/i386/libnio.so
0047f000-00494000 r-xp 00000000 08:07 133533     /lib/i386-linux-gnu/libnsl-2.13.so
00494000-00495000 r--p 00015000 08:07 133533     /lib/i386-linux-gnu/libnsl-2.13.so
00495000-00496000 rw-p 00016000 08:07 133533     /lib/i386-linux-gnu/libnsl-2.13.so
00496000-00498000 rw-p 00000000 00:00 0 
004c5000-004d4000 r-xp 00000000 08:07 17614      /usr/lib/jvm/java-6-openjdk/jre/lib/i386/libj2pkcs11.so
004d4000-004d5000 r--p 0000e000 08:07 17614      /usr/lib/jvm/java-6-openjdk/jre/lib/i386/libj2pkcs11.so
004d5000-004d6000 rw-p 0000f000 08:07 17614      /usr/lib/jvm/java-6-openjdk/jre/lib/i386/libj2pkcs11.so
004e5000-004ea000 r-xp 00000000 08:07 133537     /lib/i386-linux-gnu/libnss_dns-2.13.so
004ea000-004eb000 r--p 00004000 08:07 133537     /lib/i386-linux-gnu/libnss_dns-2.13.so
004eb000-004ec000 rw-p 00005000 08:07 133537     /lib/i386-linux-gnu/libnss_dns-2.13.so
005dd000-005e1000 r-xp 00000000 08:07 63723      /usr/lib/jvm/java-6-openjdk/jre/lib/i386/jli/libjli.so
005e1000-005e2000 r--p 00003000 08:07 63723      /usr/lib/jvm/java-6-openjdk/jre/lib/i386/jli/libjli.so
005e2000-005e3000 rw-p 00004000 08:07 63723      /usr/lib/jvm/java-6-openjdk/jre/lib/i386/jli/libjli.so
0065a000-00665000 r-xp 00000000 08:07 133539     /lib/i386-linux-gnu/libnss_files-2.13.so
00665000-00666000 r--p 0000a000 08:07 133539     /lib/i386-linux-gnu/libnss_files-2.13.so
00666000-00667000 rw-p 0000b000 08:07 133539     /lib/i386-linux-gnu/libnss_files-2.13.so
00681000-00688000 r-xp 00000000 08:07 133562     /lib/i386-linux-gnu/librt-2.13.so
00688000-00689000 r--p 00006000 08:07 133562     /lib/i386-linux-gnu/librt-2.13.so
00689000-0068a000 rw-p 00007000 08:07 133562     /lib/i386-linux-gnu/librt-2.13.so
00691000-00695000 r-xp 00000000 08:07 64579      /usr/lib/jvm/java-6-openjdk/jre/lib/i386/libdt_socket.so
00695000-00696000 r--p 00003000 08:07 64579      /usr/lib/jvm/java-6-openjdk/jre/lib/i386/libdt_socket.so
00696000-00697000 rw-p 00004000 08:07 64579      /usr/lib/jvm/java-6-openjdk/jre/lib/i386/libdt_socket.so
006a1000-006a2000 r-xp 00000000 00:00 0          [vdso]
006b4000-006bb000 r-xp 00000000 08:07 64577      /usr/lib/jvm/java-6-openjdk/jre/lib/i386/libmanagement.so
006bb000-006bc000 r--p 00006000 08:07 64577      /usr/lib/jvm/java-6-openjdk/jre/lib/i386/libmanagement.so
006bc000-006bd000 rw-p 00007000 08:07 64577      /usr/lib/jvm/java-6-openjdk/jre/lib/i386/libmanagement.so
006bd000-007f9000 r-xp 00000000 08:07 5442       /usr/lib/i386-linux-gnu/libnss3.so
007f9000-007fc000 r--p 0013b000 08:07 5442       /usr/lib/i386-linux-gnu/libnss3.so
007fc000-007fe000 rw-p 0013e000 08:07 5442       /usr/lib/i386-linux-gnu/libnss3.so
00831000-0083b000 r-xp 00000000 08:07 64578      /usr/lib/jvm/java-6-openjdk/jre/lib/i386/libinstrument.so
0083b000-0083c000 r--p 00009000 08:07 64578      /usr/lib/jvm/java-6-openjdk/jre/lib/i386/libinstrument.so
0083c000-0083d000 rw-p 0000a000 08:07 64578      /usr/lib/jvm/java-6-openjdk/jre/lib/i386/libinstrument.so
00844000-00847000 r-xp 00000000 08:07 5477       /usr/lib/i386-linux-gnu/libplds4.so
00847000-00848000 r--p 00002000 08:07 5477       /usr/lib/i386-linux-gnu/libplds4.so
00848000-00849000 rw-p 00003000 08:07 5477       /usr/lib/i386-linux-gnu/libplds4.so
008c6000-00906000 r-xp 00000000 08:07 5941       /usr/lib/i386-linux-gnu/nss/libsoftokn3.so
00906000-00907000 r--p 0003f000 08:07 5941       /usr/lib/i386-linux-gnu/nss/libsoftokn3.so
00907000-00908000 rw-p 00040000 08:07 5941       /usr/lib/i386-linux-gnu/nss/libsoftokn3.so
00908000-00a7e000 r-xp 00000000 08:07 133498     /lib/i386-linux-gnu/libc-2.13.so
00a7e000-00a80000 r--p 00176000 08:07 133498     /lib/i386-linux-gnu/libc-2.13.so
00a80000-00a81000 rw-p 00178000 08:07 133498     /lib/i386-linux-gnu/libc-2.13.so
00a81000-00a84000 rw-p 00000000 00:00 0 
00a97000-00a9e000 r-xp 00000000 08:07 63673      /usr/lib/jvm/java-6-openjdk/jre/lib/i386/libzip.so
00a9e000-00a9f000 r--p 00006000 08:07 63673      /usr/lib/jvm/java-6-openjdk/jre/lib/i386/libzip.so
00a9f000-00aa0000 rw-p 00007000 08:07 63673      /usr/lib/jvm/java-6-openjdk/jre/lib/i386/libzip.so
00ac4000-00ac7000 r-xp 00000000 08:07 133509     /lib/i386-linux-gnu/libdl-2.13.so
00ac7000-00ac8000 r--p 00002000 08:07 133509     /lib/i386-linux-gnu/libdl-2.13.so
00ac8000-00ac9000 rw-p 00003000 08:07 133509     /lib/i386-linux-gnu/libdl-2.13.so
00d08000-00d1f000 r-xp 00000000 08:07 133558     /lib/i386-linux-gnu/libpthread-2.13.so
00d1f000-00d20000 r--p 00016000 08:07 133558     /lib/i386-linux-gnu/libpthread-2.13.so
00d20000-00d21000 rw-p 00017000 08:07 133558     /lib/i386-linux-gnu/libpthread-2.13.so
00d21000-00d23000 rw-p 00000000 00:00 0 
00d6b000-00d93000 r-xp 00000000 08:07 133528     /lib/i386-linux-gnu/libm-2.13.so
00d93000-00d94000 r--p 00028000 08:07 133528     /lib/i386-linux-gnu/libm-2.13.so
00d94000-00d95000 rw-p 00029000 08:07 133528     /lib/i386-linux-gnu/libm-2.13.so
00dc6000-00dd0000 r-xp 00000000 08:07 133543     /lib/i386-linux-gnu/libnss_nis-2.13.so
00dd0000-00dd1000 r--p 00009000 08:07 133543     /lib/i386-linux-gnu/libnss_nis-2.13.so
00dd1000-00dd2000 rw-p 0000a000 08:07 133543     /lib/i386-linux-gnu/libnss_nis-2.13.so
00df8000-00e2f000 r-xp 00000000 08:07 5441       /usr/lib/i386-linux-gnu/libnspr4.so
00e2f000-00e30000 ---p 00037000 08:07 5441       /usr/lib/i386-linux-gnu/libnspr4.so
00e30000-00e31000 r--p 00037000 08:07 5441       /usr/lib/i386-linux-gnu/libnspr4.so
00e31000-00e32000 rw-p 00038000 08:07 5441       /usr/lib/i386-linux-gnu/libnspr4.so
00e32000-00e34000 rw-p 00000000 00:00 0 
00f20000-00f23000 r-xp 00000000 08:07 17612      /usr/lib/jvm/java-6-openjdk/jre/lib/i386/libnpt.so
00f23000-00f24000 r--p 00002000 08:07 17612      /usr/lib/jvm/java-6-openjdk/jre/lib/i386/libnpt.so
00f24000-00f25000 rw-p 00003000 08:07 17612      /usr/lib/jvm/java-6-openjdk/jre/lib/i386/libnpt.so
00f42000-00f55000 r-xp 00000000 08:07 133581     /lib/i386-linux-gnu/libz.so.1.2.3.4
00f55000-00f56000 r--p 00012000 08:07 133581     /lib/i386-linux-gnu/libz.so.1.2.3.4
00f56000-00f57000 rw-p 00013000 08:07 133581     /lib/i386-linux-gnu/libz.so.1.2.3.4
00f57000-01775000 r-xp 00000000 08:07 64566      /usr/lib/jvm/java-6-openjdk/jre/lib/i386/server/libjvm.so
01775000-017ba000 r--p 0081e000 08:07 64566      /usr/lib/jvm/java-6-openjdk/jre/lib/i386/server/libjvm.so
017ba000-017c9000 rw-p 00863000 08:07 64566      /usr/lib/jvm/java-6-openjdk/jre/lib/i386/server/libjvm.so
017c9000-01be3000 rw-p 00000000 00:00 0 
08048000-08051000 r-xp 00000000 08:07 16931      /usr/lib/jvm/java-6-openjdk/jre/bin/java
08051000-08052000 r--p 00008000 08:07 16931      /usr/lib/jvm/java-6-openjdk/jre/bin/java
08052000-08053000 rw-p 00009000 08:07 16931      /usr/lib/jvm/java-6-openjdk/jre/bin/java
0992a000-0ab5b000 rw-p 00000000 00:00 0          [heap]
88c00000-88cf9000 rw-p 00000000 00:00 0 
88cf9000-88d00000 ---p 00000000 00:00 0 
88d00000-88df2000 rw-p 00000000 00:00 0 
88df2000-88e00000 ---p 00000000 00:00 0 
88e00000-88efb000 rw-p 00000000 00:00 0 
88efb000-88f00000 ---p 00000000 00:00 0 
88f00000-88fc9000 rw-p 00000000 00:00 0 
88fc9000-89000000 ---p 00000000 00:00 0 
89000000-890df000 rw-p 00000000 00:00 0 
890df000-89100000 ---p 00000000 00:00 0 
89100000-891d4000 rw-p 00000000 00:00 0 
891d4000-89200000 ---p 00000000 00:00 0 
89200000-892e2000 rw-p 00000000 00:00 0 
892e2000-89300000 ---p 00000000 00:00 0 
89300000-893e1000 rw-p 00000000 00:00 0 
893e1000-89400000 ---p 00000000 00:00 0 
89400000-894d4000 rw-p 00000000 00:00 0 
894d4000-89500000 ---p 00000000 00:00 0 
89500000-895db000 rw-p 00000000 00:00 0 
895db000-89600000 ---p 00000000 00:00 0 
89600000-896f6000 rw-p 00000000 00:00 0 
896f6000-89700000 ---p 00000000 00:00 0 
89700000-897d1000 rw-p 00000000 00:00 0 
897d1000-89800000 ---p 00000000 00:00 0 
89800000-898c4000 rw-p 00000000 00:00 0 
898c4000-89900000 ---p 00000000 00:00 0 
89c00000-89cac000 rw-p 00000000 00:00 0 
89cac000-89d00000 ---p 00000000 00:00 0 
89d00000-89dfb000 rw-p 00000000 00:00 0 
89dfb000-89e00000 ---p 00000000 00:00 0 
89e00000-89ec6000 rw-p 00000000 00:00 0 
89ec6000-89f00000 ---p 00000000 00:00 0 
89f00000-89fb7000 rw-p 00000000 00:00 0 
89fb7000-8a000000 ---p 00000000 00:00 0 
8a000000-8a0fb000 rw-p 00000000 00:00 0 
8a0fb000-8a100000 ---p 00000000 00:00 0 
8a100000-8a1db000 rw-p 00000000 00:00 0 
8a1db000-8a200000 ---p 00000000 00:00 0 
8a200000-8a400000 rw-p 00000000 00:00 0 
8a400000-8a600000 rw-p 00000000 00:00 0 
8a600000-8a700000 rw-p 00000000 00:00 0 
8a800000-8a900000 rw-p 00000000 00:00 0 
8a95e000-8a961000 ---p 00000000 00:00 0 
8a961000-8a9af000 rw-p 00000000 00:00 0 
8a9af000-8a9b2000 ---p 00000000 00:00 0 
8a9b2000-8aa00000 rw-p 00000000 00:00 0 
8aa00000-8aaf6000 rw-p 00000000 00:00 0 
8aaf6000-8ab00000 ---p 00000000 00:00 0 
8ab00000-8abfb000 rw-p 00000000 00:00 0 
8abfb000-8ac00000 ---p 00000000 00:00 0 
8ac00000-8acf9000 rw-p 00000000 00:00 0 
8acf9000-8ad00000 ---p 00000000 00:00 0 
8ad0d000-8ad10000 ---p 00000000 00:00 0 
8ad10000-8ad5e000 rw-p 00000000 00:00 0 
8ad5e000-8ad61000 ---p 00000000 00:00 0 
8ad61000-8adaf000 rw-p 00000000 00:00 0 
8adaf000-8adb2000 ---p 00000000 00:00 0 
8adb2000-8ae00000 rw-p 00000000 00:00 0 
8ae00000-8aefb000 rw-p 00000000 00:00 0 
8aefb000-8af00000 ---p 00000000 00:00 0 
8af0d000-8af10000 ---p 00000000 00:00 0 
8af10000-8af5e000 rw-p 00000000 00:00 0 
8af5e000-8af61000 ---p 00000000 00:00 0 
8af61000-8afaf000 rw-p 00000000 00:00 0 
8afaf000-8afb2000 ---p 00000000 00:00 0 
8afb2000-8b000000 rw-p 00000000 00:00 0 
8b000000-8b0ff000 rw-p 00000000 00:00 0 
8b0ff000-8b100000 ---p 00000000 00:00 0 
8b100000-8b200000 rw-p 00000000 00:00 0 
8b200000-8b2f4000 rw-p 00000000 00:00 0 
8b2f4000-8b300000 ---p 00000000 00:00 0 
8b300000-8b3fb000 rw-p 00000000 00:00 0 
8b3fb000-8b400000 ---p 00000000 00:00 0 
8b400000-8b500000 rw-p 00000000 00:00 0 
8b550000-8b553000 ---p 00000000 00:00 0 
8b553000-8b5a1000 rw-p 00000000 00:00 0 
8b5a1000-8b5a4000 ---p 00000000 00:00 0 
8b5a4000-8b5f2000 rw-p 00000000 00:00 0 
8b61e000-8b621000 ---p 00000000 00:00 0 
8b621000-8b66f000 rw-p 00000000 00:00 0 
8b66f000-8b673000 r--s 00027000 00:14 46931      /home/wes/play/framework/lib/gson-1.7.1.jar
8b673000-8b682000 r--s 0007c000 00:14 46950      /home/wes/play/framework/lib/joda-time-2.0.jar
8b682000-8b684000 r--s 0000b000 00:14 46948      /home/wes/play/framework/lib/jj-textile.jar
8b684000-8b686000 r--s 0000d000 00:14 46918      /home/wes/play/framework/lib/commons-codec-1.4.jar
8b686000-8b688000 r--s 0000c000 00:14 46910      /home/wes/play/framework/lib/activation-1.1.1.jar
8b688000-8b691000 r--s 0005d000 00:14 46938      /home/wes/play/framework/lib/hibernate-entitymanager-3.6.0.Final.jar
8b691000-8b69c000 r--s 0008b000 00:14 46915      /home/wes/play/framework/lib/c3p0-0.9.1.2.jar
8b69c000-8b69f000 r--s 0000f000 00:14 46934      /home/wes/play/framework/lib/hibernate-commons-annotations-3.2.0.Final.jar
8b69f000-8b6a0000 r--s 00002000 00:14 46966      /home/wes/play/framework/lib/slf4j-log4j12-1.6.1.jar
8b6a0000-8b6a2000 r--s 0000e000 00:14 46923      /home/wes/play/framework/lib/commons-javaflow-1066591.jar
8b6a2000-8b6a7000 r--s 00048000 00:14 46926      /home/wes/play/framework/lib/dom4j-1.6.1.jar
8b6a7000-8b6a8000 r--s 00007000 00:14 46920      /home/wes/play/framework/lib/commons-email-1.2.jar
8b6a8000-8b6ae000 r--s 00038000 00:14 46967      /home/wes/play/framework/lib/snakeyaml-1.7.jar
8b6ae000-8b6b0000 r--s 00001000 00:14 46952      /home/wes/play/framework/lib/jsr107cache-1.0.jar
8b6b0000-8b6b6000 r--s 00032000 00:14 46945      /home/wes/play/framework/lib/jaxen-1.1.jar
8b6b6000-8b6bd000 r--s 000b7000 00:14 46959      /home/wes/play/framework/lib/mysql-connector-java-5.1.13.jar
8b6bd000-8b6c2000 r--s 0002e000 00:14 46912      /home/wes/play/framework/lib/asm-all-3.3.1.jar
8b6c2000-8b6c5000 r--s 00024000 00:14 46922      /home/wes/play/framework/lib/commons-io-2.0.1.jar
8b6c5000-8b6c7000 r--s 0000d000 00:14 46925      /home/wes/play/framework/lib/commons-logging-1.1.1.jar
8b6c7000-8b6ce000 r--s 00049000 00:14 46962      /home/wes/play/framework/lib/oval-1.50.jar
8b6ce000-8b700000 r--s 002c7000 00:14 46936      /home/wes/play/framework/lib/hibernate-core-3.6.1.Final.jar
8b700000-8b7fe000 rw-p 00000000 00:00 0 
8b7fe000-8b800000 ---p 00000000 00:00 0 
8b80d000-8b814000 r--s 000fb000 08:07 63546      /usr/lib/jvm/java-6-openjdk/jre/lib/resources.jar
8b814000-8b818000 r--s 00038000 08:07 15087      /usr/lib/jvm/java-6-openjdk/jre/lib/ext/sunpkcs11.jar
8b818000-8b81a000 r--s 00013000 08:07 11321      /usr/lib/jvm/java-6-openjdk/jre/lib/jce.jar
8b81a000-8b81d000 r--s 00031000 08:07 15367      /usr/lib/jvm/java-6-openjdk/jre/lib/ext/sunjce_provider.jar
8b81d000-8b871000 r--s 00520000 00:14 46930      /home/wes/play/framework/lib/groovy-all-1.7.10.jar
8b871000-8b874000 r--s 00022000 00:14 46942      /home/wes/play/framework/lib/jamon-2.7.jar
8b874000-8b876000 r--s 0000d000 00:14 46921      /home/wes/play/framework/lib/commons-fileupload-1.2.2.jar
8b876000-8b87d000 r--s 00038000 00:14 46949      /home/wes/play/framework/lib/jj-wikitext.jar
8b87d000-8b883000 r--s 00049000 00:14 46916      /home/wes/play/framework/lib/cglib-nodep-2.2.jar
8b883000-8b885000 r--s 00008000 00:14 46964      /home/wes/play/framework/lib/signpost-core-1.2.jar
8b885000-8b88b000 r--s 00067000 00:14 46911      /home/wes/play/framework/lib/antlr-2.7.6.jar
8b88b000-8b88d000 r--s 00015000 00:14 46947      /home/wes/play/framework/lib/jj-simplecaptcha.jar
8b88d000-8b893000 r--s 00034000 00:14 46954      /home/wes/play/framework/lib/junit-4.8.1.jar
8b893000-8b899000 r--s 00040000 00:14 46958      /home/wes/play/framework/lib/memcached-2.6.jar
8b899000-8b8a8000 r--s 000d9000 00:14 46941      /home/wes/play/framework/lib/ivy-2.2.0.jar
8b8a8000-8b8ad000 r--s 00034000 00:14 46917      /home/wes/play/framework/lib/commons-beanutils-1.8.3.jar
8b8ad000-8b8af000 r--s 00005000 00:14 46965      /home/wes/play/framework/lib/slf4j-api-1.6.1.jar
8b8af000-8b8bd000 r--s 0007f000 00:14 46919      /home/wes/play/framework/lib/commons-collections-3.2.1.jar
8b8bd000-8b8c2000 r--s 00014000 00:14 46940      /home/wes/play/framework/lib/hibernate-jpa-2.0-api-1.0.0.Final.jar
8b8c2000-8b8c9000 r--s 0004d000 00:14 46913      /home/wes/play/framework/lib/async-http-client-1.6.5.jar
8b8c9000-8b8cc000 r--s 00011000 00:14 46928      /home/wes/play/framework/lib/ezmorph-1.0.3.jar
8b8cc000-8b8ce000 r--s 00015000 00:14 46951      /home/wes/play/framework/lib/jregex-1.2_01.jar
8b8ce000-8b8f8000 r--s 00427000 00:14 46961      /home/wes/play/framework/lib/org.eclipse.jdt.core-3.8.0.v_C03.jar
8b8f8000-8b908000 r--s 000b2000 00:14 46960      /home/wes/play/framework/lib/netty-3.2.5.Final.jar
8b908000-8b911000 r--s 0006d000 00:14 46956      /home/wes/play/framework/lib/log4j-1.2.16.jar
8b911000-8b916000 r--s 00041000 00:14 46924      /home/wes/play/framework/lib/commons-lang-2.6.jar
8b916000-8b917000 r--s 00000000 00:14 46944      /home/wes/play/framework/lib/javax.inject-1.0.jar
8b917000-8b91d000 r--s 0007e000 00:14 46963      /home/wes/play/framework/lib/postgresql-9.0.jar
8b91d000-8b920000 r--s 0000f000 00:14 46929      /home/wes/play/framework/lib/geronimo-servlet_2.5_spec-1.2.jar
8b920000-8b945000 r--s 00172000 00:14 46914      /home/wes/play/framework/lib/bcprov-jdk15-1.45.jar
8b945000-8b947000 r--s 00002000 00:14 46953      /home/wes/play/framework/lib/jta-1.1.jar
8b947000-8b94f000 r--s 0008a000 00:14 46943      /home/wes/play/framework/lib/javassist-3.9.0.GA.jar
8b94f000-8b954000 r--s 00020000 00:14 46946      /home/wes/play/framework/lib/jj-imaging.jar
8b954000-8b95f000 r--s 0005a000 00:14 46968      /home/wes/play/framework/lib/xstream-1.3.jar
8b95f000-8b96a000 r--s 00124000 00:14 46932      /home/wes/play/framework/lib/h2-1.3.149.jar
8b96a000-8b971000 r--s 0006a000 00:14 46957      /home/wes/play/framework/lib/mail-1.4.3.jar
8b971000-8b97b000 r--s 0006f000 00:14 46927      /home/wes/play/framework/lib/ehcache-core-2.0.0.jar
8b97b000-8b980000 r--s 00040000 00:14 70890      /home/wes/rhok/lib/dependencies/commons-lang-2.5.jar
8b980000-8b983000 r--s 00013000 00:14 70896      /home/wes/rhok/lib/dependencies/ezmorph-1.0.6.jar
8b983000-8b985000 r--s 0000d000 00:14 70893      /home/wes/rhok/lib/dependencies/commons-logging-1.1.1.jar
8b985000-8b98b000 r--s 00045000 00:14 70887      /home/wes/rhok/lib/dependencies/commons-httpclient-3.1.jar
8b98b000-8b98e000 r--s 00024000 00:14 70899      /home/wes/rhok/lib/dependencies/json-lib-2.4-jdk15.jar
8b98e000-8b993000 r--s 00034000 00:14 70878      /home/wes/rhok/lib/dependencies/commons-beanutils-1.8.1.jar
8b993000-8b9a1000 r--s 0007f000 00:14 70884      /home/wes/rhok/lib/dependencies/commons-collections-3.2.1.jar
8b9a1000-8b9a3000 r--s 0000a000 00:14 70881      /home/wes/rhok/lib/dependencies/commons-codec-1.3.jar
8b9a3000-8b9a5000 r--s 00004000 00:14 67438      /home/wes/rhok/lib/stax-api-1.0-2.jar
8b9a5000-8b9a7000 r--s 0000a000 00:14 70902      /home/wes/rhok/lib/tropo-webapi-java-0.3.jar
8b9a7000-8b9ad000 r--s 00059000 00:14 67435      /home/wes/rhok/lib/mail-1.4.jar
8b9ad000-8b9ae000 ---p 00000000 00:00 0 
8b9ae000-8ba2e000 rw-p 00000000 00:00 0 
8ba2e000-8ba31000 ---p 00000000 00:00 0 
8ba31000-8ba7f000 rw-p 00000000 00:00 0 
8ba7f000-8ba82000 ---p 00000000 00:00 0 
8ba82000-8bb00000 rw-p 00000000 00:00 0 
8bb00000-8bbe4000 rw-p 00000000 00:00 0 
8bbe4000-8bc00000 ---p 00000000 00:00 0 
8bc01000-8bc05000 r--s 00034000 00:14 67439      /home/wes/rhok/lib/jackson-core-asl-1.8.0.jar
8bc05000-8bc09000 r--s 0001c000 00:14 67430      /home/wes/rhok/lib/jersey-client-1.8.jar
8bc09000-8bc0c000 r--s 00013000 00:14 67436      /home/wes/rhok/lib/jaxb-api-2.1.jar
8bc0c000-8bc10000 r--s 00069000 00:14 67433      /home/wes/rhok/lib/osgi_R4_core-1.0.jar
8bc10000-8bc1a000 r--s 00066000 00:14 67431      /home/wes/rhok/lib/jersey-core-1.8.jar
8bc1a000-8bc26000 r--s 00097000 00:14 67432      /home/wes/rhok/lib/jackson-mapper-asl-1.8.0.jar
8bc26000-8bc29000 ---p 00000000 00:00 0 
8bc29000-8bca7000 rw-p 00000000 00:00 0 
8bca7000-8bcaa000 ---p 00000000 00:00 0 
8bcaa000-8bcf9000 rw-p 00000000 00:00 0 
8bcf9000-8bcfc000 ---p 00000000 00:00 0 
8bcfc000-8bd4a000 rw-p 00000000 00:00 0 
8bd4a000-8bd4d000 ---p 00000000 00:00 0 
8bd4d000-8bd9b000 rw-p 00000000 00:00 0 
8bd9b000-8bd9e000 ---p 00000000 00:00 0 
8bd9e000-8bdec000 rw-p 00000000 00:00 0 
8bdec000-8bdef000 ---p 00000000 00:00 0 
8bdef000-8be3d000 rw-p 00000000 00:00 0 
8be3d000-8be3e000 ---p 00000000 00:00 0 
8be3e000-8bef1000 rw-p 00000000 00:00 0 
8bef1000-8c082000 r--s 037b8000 08:07 64585      /usr/lib/jvm/java-6-openjdk/jre/lib/rt.jar
8c082000-8c083000 ---p 00000000 00:00 0 
8c083000-8c103000 rw-p 00000000 00:00 0 
8c103000-8c104000 ---p 00000000 00:00 0 
8c104000-8c196000 rw-p 00000000 00:00 0 
8c196000-8c1c4000 rw-p 00000000 00:00 0 
8c1c4000-8c1cf000 rw-p 00000000 00:00 0 
8c1cf000-8c26f000 rw-p 00000000 00:00 0 
8c26f000-8c281000 rw-p 00000000 00:00 0 
8c281000-8c2af000 rw-p 00000000 00:00 0 
8c2af000-8c2ba000 rw-p 00000000 00:00 0 
8c2ba000-8c359000 rw-p 00000000 00:00 0 
8c359000-8c376000 rw-p 00000000 00:00 0 
8c376000-8c37a000 ---p 00000000 00:00 0 
8c37a000-8c3af000 rw-p 00000000 00:00 0 
8c3af000-8e650000 rw-p 00000000 00:00 0 
8e650000-943b0000 rw-p 00000000 00:00 0 
943b0000-957f0000 rw-p 00000000 00:00 0 
957f0000-a9910000 rw-p 00000000 00:00 0 
a9910000-ad190000 rw-p 00000000 00:00 0 
ad190000-ad7f0000 ---p 00000000 00:00 0 
ad7f0000-b43b0000 rw-p 00000000 00:00 0 
b43b1000-b43bd000 r--s 000c2000 00:14 46973      /home/wes/play/framework/play-1.2.4.jar
b43bd000-b43cc000 rw-p 00000000 00:00 0 
b43cc000-b447d000 rw-p 00000000 00:00 0 
b447d000-b4835000 rwxp 00000000 00:00 0 
b4835000-b747d000 rw-p 00000000 00:00 0 
b747d000-b7485000 rw-s 00000000 08:07 403723     /tmp/hsperfdata_wes/5767
b7485000-b75b7000 r--p 002ff000 08:07 8675       /usr/lib/locale/locale-archive
b75b7000-b75f7000 r--p 002bd000 08:07 8675       /usr/lib/locale/locale-archive
b75f7000-b77f7000 r--p 00000000 08:07 8675       /usr/lib/locale/locale-archive
b77f7000-b77fa000 ---p 00000000 00:00 0 
b77fa000-b784b000 rw-p 00000000 00:00 0 
b784b000-b784d000 r--s 0000e000 00:14 67437      /home/wes/rhok/lib/activation-1.1.jar
b784d000-b784f000 r--s 0000a000 00:14 67434      /home/wes/rhok/lib/jsr311-api-1.1.1.jar
b784f000-b7852000 r--s 0007d000 08:07 11320      /usr/lib/jvm/java-6-openjdk/jre/lib/jsse.jar
b7852000-b7854000 r--s 0000f000 08:07 63335      /usr/lib/jvm/java-6-openjdk/jre/lib/ext/pulse-java.jar
b7854000-b785c000 r--s 00066000 08:07 389588     /usr/share/java/gnome-java-bridge.jar
b785c000-b785d000 rw-p 00000000 00:00 0 
b785d000-b785e000 r--p 00000000 00:00 0 
b785e000-b7860000 rw-p 00000000 00:00 0 
bf893000-bf8b5000 rw-p 00000000 00:00 0          [stack]

VM Arguments:
jvm_args: -javaagent:/home/wes/play/framework/play-1.2.4.jar -XX:-UseSplitVerifier -Dfile.encoding=utf-8 -Xdebug -Xrunjdwp:transport=dt_socket,address=8000,server=y,suspend=n -Dplay.debug=yes -Dapplication.path=/home/wes/rhok -Dplay.id= 
java_command: play.server.Server 
Launcher Type: SUN_STANDARD

Environment Variables:
PATH=/usr/lib/lightdm/lightdm:/usr/local/sbin:/usr/local/bin:/usr/sbin:/usr/bin:/sbin:/bin:/usr/games:/home/wes/play
USERNAME=wes
LD_LIBRARY_PATH=/usr/lib/jvm/java-6-openjdk/jre/lib/i386/server:/usr/lib/jvm/java-6-openjdk/jre/lib/i386:/usr/lib/jvm/java-6-openjdk/jre/../lib/i386
SHELL=/bin/bash
DISPLAY=:0.0

Signal Handlers:
SIGSEGV: [libjvm.so+0x66a530], sa_mask[0]=0x7ffbfeff, sa_flags=0x10000004
SIGBUS: [libjvm.so+0x66a530], sa_mask[0]=0x7ffbfeff, sa_flags=0x10000004
SIGFPE: [libjvm.so+0x52e2c0], sa_mask[0]=0x7ffbfeff, sa_flags=0x10000004
SIGPIPE: SIG_IGN, sa_mask[0]=0x00000000, sa_flags=0x00000000
SIGXFSZ: [libjvm.so+0x52e2c0], sa_mask[0]=0x7ffbfeff, sa_flags=0x10000004
SIGILL: [libjvm.so+0x52e2c0], sa_mask[0]=0x7ffbfeff, sa_flags=0x10000004
SIGUSR1: SIG_DFL, sa_mask[0]=0x00000000, sa_flags=0x00000000
SIGUSR2: [libjvm.so+0x52e150], sa_mask[0]=0x00000000, sa_flags=0x10000004
SIGHUP: [libjvm.so+0x5311f0], sa_mask[0]=0x7ffbfeff, sa_flags=0x10000004
SIGINT: [libjvm.so+0x5311f0], sa_mask[0]=0x7ffbfeff, sa_flags=0x10000004
SIGTERM: [libjvm.so+0x5311f0], sa_mask[0]=0x7ffbfeff, sa_flags=0x10000004
SIGQUIT: [libjvm.so+0x5311f0], sa_mask[0]=0x7ffbfeff, sa_flags=0x10000004


---------------  S Y S T E M  ---------------

OS:Ubuntu 11.10 (oneiric)
uname:Linux 3.0.0-12-generic #20-Ubuntu SMP Fri Oct 7 14:50:42 UTC 2011 i686
libc:glibc 2.13 NPTL 2.13 
rlimit: STACK 8192k, CORE 0k, NPROC 15397, NOFILE 4096, AS infinity
load average:0.42 0.24 0.17

/proc/meminfo:
MemTotal:        1990652 kB
MemFree:          163372 kB
Buffers:           30316 kB
Cached:           630244 kB
SwapCached:         2784 kB
Active:          1057072 kB
Inactive:         638668 kB
Active(anon):     829840 kB
Inactive(anon):   406108 kB
Active(file):     227232 kB
Inactive(file):   232560 kB
Unevictable:          32 kB
Mlocked:              32 kB
HighTotal:       1115352 kB
HighFree:          14232 kB
LowTotal:         875300 kB
LowFree:          149140 kB
SwapTotal:       2457908 kB
SwapFree:        2425892 kB
Dirty:               280 kB
Writeback:             0 kB
AnonPages:       1033004 kB
Mapped:           134464 kB
Shmem:            200620 kB
Slab:              77004 kB
SReclaimable:      41420 kB
SUnreclaim:        35584 kB
KernelStack:        3760 kB
PageTables:        10096 kB
NFS_Unstable:          0 kB
Bounce:                0 kB
WritebackTmp:          0 kB
CommitLimit:     3453232 kB
Committed_AS:    3601680 kB
VmallocTotal:     122880 kB
VmallocUsed:       46876 kB
VmallocChunk:      70320 kB
HardwareCorrupted:     0 kB
AnonHugePages:         0 kB
HugePages_Total:       0
HugePages_Free:        0
HugePages_Rsvd:        0
HugePages_Surp:        0
Hugepagesize:       4096 kB
DirectMap4k:       16376 kB
DirectMap4M:      892928 kB


CPU:total 2 (2 cores per cpu, 1 threads per core) family 6 model 23 stepping 10, cmov, cx8, fxsr, mmx, sse, sse2, sse3, ssse3, sse4.1

Memory: 4k page, physical 1990652k(163248k free), swap 2457908k(2425892k free)

vm_info: OpenJDK Server VM (20.0-b11) for linux-x86 JRE (1.6.0_23-b23), built on Oct 22 2011 01:02:34 by "buildd" with gcc 4.6.1

time: Sat Dec  3 22:19:55 2011
elapsed time: 1625 seconds

